<?xml version="1.0" encoding="UTF-8"?>
<testsuite name="com.team5.household.HouseholdApplicationTests" tests="1" skipped="0" failures="0" errors="0" timestamp="2023-02-08T08:08:55" hostname="puthfamilyui-MacBookPro.local" time="0.245">
  <properties/>
  <testcase name="contextLoads()" classname="com.team5.household.HouseholdApplicationTests" time="0.245"/>
  <system-out><![CDATA[17:08:49.853 [Test worker] DEBUG org.springframework.boot.test.context.SpringBootTestContextBootstrapper - Neither @ContextConfiguration nor @ContextHierarchy found for test class [HouseholdApplicationTests]: using SpringBootContextLoader
17:08:49.859 [Test worker] DEBUG org.springframework.test.context.support.AbstractContextLoader - Could not detect default resource locations for test class [com.team5.household.HouseholdApplicationTests]: no resource found for suffixes {-context.xml, Context.groovy}.
17:08:49.859 [Test worker] INFO org.springframework.test.context.support.AnnotationConfigContextLoaderUtils - Could not detect default configuration classes for test class [com.team5.household.HouseholdApplicationTests]: HouseholdApplicationTests does not declare any static, non-private, non-final, nested classes annotated with @Configuration.
17:08:49.891 [Test worker] DEBUG org.springframework.boot.test.context.SpringBootTestContextBootstrapper - Using ContextCustomizers for test class [HouseholdApplicationTests]: [DisableObservabilityContextCustomizer, PropertyMappingContextCustomizer, Customizer, ExcludeFilterContextCustomizer, DuplicateJsonObjectContextCustomizer, MockitoContextCustomizer, TestRestTemplateContextCustomizer]
17:08:49.977 [Test worker] DEBUG org.springframework.context.annotation.ClassPathScanningCandidateComponentProvider - Identified candidate component class: file [/Users/puthfamily/Desktop/household-project/build/classes/java/main/com/team5/household/HouseholdApplication.class]
17:08:49.981 [Test worker] INFO org.springframework.boot.test.context.SpringBootTestContextBootstrapper - Found @SpringBootConfiguration com.team5.household.HouseholdApplication for test class com.team5.household.HouseholdApplicationTests
17:08:50.073 [Test worker] DEBUG org.springframework.boot.test.context.SpringBootTestContextBootstrapper - Using TestExecutionListeners for test class [HouseholdApplicationTests]: [ServletTestExecutionListener, DirtiesContextBeforeModesTestExecutionListener, ApplicationEventsTestExecutionListener, MockitoTestExecutionListener, DependencyInjectionTestExecutionListener, DirtiesContextTestExecutionListener, TransactionalTestExecutionListener, SqlScriptsTestExecutionListener, EventPublishingTestExecutionListener, RestDocsTestExecutionListener, MockRestServiceServerResetTestExecutionListener, MockMvcPrintOnlyOnFailureTestExecutionListener, WebDriverTestExecutionListener, MockWebServiceServerTestExecutionListener, ResetMocksTestExecutionListener]
17:08:50.074 [Test worker] DEBUG org.springframework.test.context.support.AbstractDirtiesContextTestExecutionListener - Before test class: class [HouseholdApplicationTests], class annotated with @DirtiesContext [false] with mode [null]

  .   ____          _            __ _ _
 /\\ / ___'_ __ _ _(_)_ __  __ _ \ \ \ \
( ( )\___ | '_ | '_| | '_ \/ _` | \ \ \ \
 \\/  ___)| |_)| | | | | || (_| |  ) ) ) )
  '  |____| .__|_| |_|_| |_\__, | / / / /
 =========|_|==============|___/=/_/_/_/
 :: Spring Boot ::                (v3.0.2)

2023-02-08T17:08:50.467+09:00  INFO 18446 --- [    Test worker] c.t.household.HouseholdApplicationTests  : Starting HouseholdApplicationTests using Java 19.0.2 with PID 18446 (started by puthfamily in /Users/puthfamily/Desktop/household-project)
2023-02-08T17:08:50.468+09:00  INFO 18446 --- [    Test worker] c.t.household.HouseholdApplicationTests  : No active profile set, falling back to 1 default profile: "default"
2023-02-08T17:08:51.352+09:00  INFO 18446 --- [    Test worker] .s.d.r.c.RepositoryConfigurationDelegate : Bootstrapping Spring Data JPA repositories in DEFAULT mode.
2023-02-08T17:08:51.422+09:00  INFO 18446 --- [    Test worker] .s.d.r.c.RepositoryConfigurationDelegate : Finished Spring Data repository scanning in 64 ms. Found 1 JPA repository interfaces.
2023-02-08T17:08:52.115+09:00  INFO 18446 --- [    Test worker] com.zaxxer.hikari.HikariDataSource       : HikariPool-1 - Starting...
2023-02-08T17:08:52.816+09:00  INFO 18446 --- [    Test worker] com.zaxxer.hikari.pool.HikariPool        : HikariPool-1 - Added connection com.mysql.cj.jdbc.ConnectionImpl@6986f93e
2023-02-08T17:08:52.827+09:00  INFO 18446 --- [    Test worker] com.zaxxer.hikari.HikariDataSource       : HikariPool-1 - Start completed.
2023-02-08T17:08:52.912+09:00  INFO 18446 --- [    Test worker] o.hibernate.jpa.internal.util.LogHelper  : HHH000204: Processing PersistenceUnitInfo [name: default]
2023-02-08T17:08:52.942+09:00  INFO 18446 --- [    Test worker] org.hibernate.Version                    : HHH000412: Hibernate ORM core version 6.1.6.Final
2023-02-08T17:08:53.058+09:00  WARN 18446 --- [    Test worker] org.hibernate.orm.deprecation            : HHH90000021: Encountered deprecated setting [javax.persistence.sharedCache.mode], use [jakarta.persistence.sharedCache.mode] instead
2023-02-08T17:08:53.234+09:00  INFO 18446 --- [    Test worker] SQL dialect                              : HHH000400: Using dialect: org.hibernate.dialect.MySQLDialect
2023-02-08T17:08:53.749+09:00  INFO 18446 --- [    Test worker] o.h.e.t.j.p.i.JtaPlatformInitiator       : HHH000490: Using JtaPlatform implementation: [org.hibernate.engine.transaction.jta.platform.internal.NoJtaPlatform]
2023-02-08T17:08:53.757+09:00  INFO 18446 --- [    Test worker] j.LocalContainerEntityManagerFactoryBean : Initialized JPA EntityManagerFactory for persistence unit 'default'
2023-02-08T17:08:54.242+09:00  WARN 18446 --- [    Test worker] JpaBaseConfiguration$JpaWebConfiguration : spring.jpa.open-in-view is enabled by default. Therefore, database queries may be performed during view rendering. Explicitly configure spring.jpa.open-in-view to disable this warning
2023-02-08T17:08:55.072+09:00  INFO 18446 --- [    Test worker] c.t.household.HouseholdApplicationTests  : Started HouseholdApplicationTests in 4.948 seconds (process running for 6.232)
]]></system-out>
  <system-err><![CDATA[]]></system-err>
</testsuite>
